<?xml version="1.0" encoding="UTF-8"?>
<testng-results skipped="0" failed="0" total="1" passed="1">
  <reporter-output>
  </reporter-output>
  <suite name="Suite" duration-ms="31" started-at="2017-11-03T17:56:42Z" finished-at="2017-11-03T17:56:42Z">
    <groups>
    </groups>
    <test name="Test" duration-ms="31" started-at="2017-11-03T17:56:42Z" finished-at="2017-11-03T17:56:42Z">
      <class name="testgit.gitproject1">
        <test-method status="PASS" signature="prgm()[pri:0, instance:testgit.gitproject1@19a81e8]" name="prgm" duration-ms="14" started-at="2017-11-03T23:26:42Z" finished-at="2017-11-03T23:26:42Z">
          <reporter-output>
          </reporter-output>
        </test-method> <!-- prgm -->
      </class> <!-- testgit.gitproject1 -->
    </test> <!-- Test -->
  </suite> <!-- Suite -->
</testng-results>
